Using pre-set license
Built from '2020.3/release' branch; Version is '2020.3.2f1 (8fd9074bf66c) revision 9427207'; Using compiler version '192528614'; Build Type 'Release'
OS: 'Windows 10 Pro; OS build 19041.985; Version 2004; 64bit' Language: 'tr' Physical Memory: 8189 MB
BatchMode: 1, IsHumanControllingUs: 0, StartBugReporterOnCrash: 0, Is64bit: 1, IsPro: 0

 COMMAND LINE ARGUMENTS:
D:\Unity\2020.3.2f1\Editor\Unity.exe
-adb2
-batchMode
-noUpm
-name
AssetImportWorker0
-projectPath
C:/Users/Furkan/Unity Project/Crows_Revange_v12/Crows_Revange_v11
-logFile
Logs/AssetImportWorker0.log
-srvPort
39794
Successfully changed project path to: C:/Users/Furkan/Unity Project/Crows_Revange_v12/Crows_Revange_v11
C:/Users/Furkan/Unity Project/Crows_Revange_v12/Crows_Revange_v11
Using Asset Import Pipeline V2.
Refreshing native plugins compatible for Editor in 136.55 ms, found 2 plugins.
Preloading 1 native plugins for Editor in 6.01 ms.
Initialize engine version: 2020.3.2f1 (8fd9074bf66c)
[Subsystems] Discovering subsystems at path D:/Unity/2020.3.2f1/Editor/Data/Resources/UnitySubsystems
[Subsystems] Discovering subsystems at path C:/Users/Furkan/Unity Project/Crows_Revange_v12/Crows_Revange_v11/Assets
GfxDevice: creating device client; threaded=0
Direct3D:
    Version:  Direct3D 11.0 [level 11.1]
    Renderer: NVIDIA GeForce GTX 1050 (ID=0x1c81)
    Vendor:   
    VRAM:     1977 MB
    Driver:   27.21.14.6627
Shader 'PointClouds/PointSplat': fallback shader 'PointClouds/PointSplatLegacy' not found
Initialize mono
Mono path[0] = 'D:/Unity/2020.3.2f1/Editor/Data/Managed'
Mono path[1] = 'D:/Unity/2020.3.2f1/Editor/Data/MonoBleedingEdge/lib/mono/unityjit'
Mono config path = 'D:/Unity/2020.3.2f1/Editor/Data/MonoBleedingEdge/etc'
Using monoOptions --debugger-agent=transport=dt_socket,embedding=1,server=y,suspend=n,address=127.0.0.1:56692
Begin MonoManager ReloadAssembly
Registering precompiled unity dll's ...
Register platform support module: D:/Unity/2020.3.2f1/Editor/Data/PlaybackEngines/WindowsStandaloneSupport/UnityEditor.WindowsStandalone.Extensions.dll
Registered in 0.045548 seconds.
Native extension for WindowsStandalone target not found
Refreshing native plugins compatible for Editor in 88.69 ms, found 2 plugins.
Preloading 1 native plugins for Editor in 0.17 ms.
Invoked RoslynAnalysisRunner static constructor.
RoslynAnalysisRunner will not be running.
RoslynAnalysisRunner has terminated.
Mono: successfully reloaded assembly
- Completed reload, in 13.795 seconds
Platform modules already initialized, skipping
Registering precompiled user dll's ...
Registered in 0.035381 seconds.
Begin MonoManager ReloadAssembly
Native extension for WindowsStandalone target not found
Refreshing native plugins compatible for Editor in 98.46 ms, found 2 plugins.
Preloading 1 native plugins for Editor in 0.15 ms.
System.NullReferenceException: Object reference not set to an instance of an object
  at Vuforia.EditorClasses.ExtensionTypeProvider.GetVuforiaPackageAbsPath () [0x0004a] in <d3e3611e09164266b01b2e2ee0bae4b4>:0 
  at Vuforia.EditorClasses.ExtensionTypeProvider.IsPackageManager () [0x00000] in <d3e3611e09164266b01b2e2ee0bae4b4>:0 
  at Vuforia.EditorClasses.ExtensionTypeProvider.ResolvePluginType () [0x00009] in <d3e3611e09164266b01b2e2ee0bae4b4>:0 
  at Vuforia.EditorClasses.ExtensionTypeProvider.GetPluginType () [0x0000c] in <d3e3611e09164266b01b2e2ee0bae4b4>:0 
  at Vuforia.EditorClasses.VuforiaUtilities.IsVuforiaEnabledInPlayerSettings () [0x00000] in <d3e3611e09164266b01b2e2ee0bae4b4>:0 
  at VuforiaEnabledObserver..cctor () [0x00000] in <d3e3611e09164266b01b2e2ee0bae4b4>:0 
UnityEngine.StackTraceUtility:ExtractStackTrace ()
UnityEngine.DebugLogHandler:LogFormat (UnityEngine.LogType,UnityEngine.Object,string,object[])
UnityEngine.Logger:Log (UnityEngine.LogType,object)
UnityEngine.Debug:LogError (object)
UnityEditor.EditorAssemblies:ProcessInitializeOnLoadAttributes (System.Type[])

System.NullReferenceException: Object reference not set to an instance of an object
  at Vuforia.EditorClasses.ExtensionTypeProvider.GetVuforiaPackageAbsPath () [0x0004a] in <d3e3611e09164266b01b2e2ee0bae4b4>:0 
  at Vuforia.EditorClasses.ExtensionTypeProvider.IsPackageManager () [0x00000] in <d3e3611e09164266b01b2e2ee0bae4b4>:0 
  at Vuforia.EditorClasses.ExtensionTypeProvider.ResolvePluginType () [0x00009] in <d3e3611e09164266b01b2e2ee0bae4b4>:0 
  at Vuforia.EditorClasses.ExtensionTypeProvider.GetPluginType () [0x0000c] in <d3e3611e09164266b01b2e2ee0bae4b4>:0 
  at Vuforia.EditorClasses.VuforiaUtilities.IsVuforiaEnabledInPlayerSettings () [0x00000] in <d3e3611e09164266b01b2e2ee0bae4b4>:0 
  at Vuforia.EditorClasses.InitializeOnLoadVuforiaTaskRunner..cctor () [0x00015] in <d3e3611e09164266b01b2e2ee0bae4b4>:0 
UnityEngine.StackTraceUtility:ExtractStackTrace ()
UnityEngine.DebugLogHandler:LogFormat (UnityEngine.LogType,UnityEngine.Object,string,object[])
UnityEngine.Logger:Log (UnityEngine.LogType,object)
UnityEngine.Debug:LogError (object)
UnityEditor.EditorAssemblies:ProcessInitializeOnLoadAttributes (System.Type[])

Invoked RoslynAnalysisRunner static constructor.
RoslynAnalysisRunner will not be running.
RoslynAnalysisRunner has terminated.
Mono: successfully reloaded assembly
- Completed reload, in  2.127 seconds
Platform modules already initialized, skipping
========================================================================
Worker process is ready to serve import requests
Shader 'PointClouds/PointSplat': fallback shader 'PointClouds/PointSplatLegacy' not found
Launched and connected shader compiler UnityShaderCompiler.exe after 0.20 seconds
Refreshing native plugins compatible for Editor in 1.53 ms, found 2 plugins.
Preloading 1 native plugins for Editor in 0.19 ms.
Unloading 1759 Unused Serialized files (Serialized files now loaded: 0)
System memory in use before: 84.9 MB.
System memory in use after: 85.0 MB.

Unloading 41 unused Assets to reduce memory usage. Loaded Objects now: 2469.
Total: 5.928600 ms (FindLiveObjects: 0.572900 ms CreateObjectMapping: 0.123200 ms MarkObjects: 5.084200 ms  DeleteObjects: 0.146400 ms)

========================================================================
Received Import Request.
  path: Assets/Scenes/WithoutArMaze.unity
  artifactKey: Guid(08af1086a54de704099b513db66d88b8) Importer(815301076,1909f56bfc062723c751e8b465ee728b)
Start importing Assets/Scenes/WithoutArMaze.unity using Guid(08af1086a54de704099b513db66d88b8) Importer(815301076,1909f56bfc062723c751e8b465ee728b)  -> (artifact id: 'e9c6d90b00019b5d6f63e94c1de6a44e') in 0.093402 seconds
  Import took 0.103306 seconds .

========================================================================
Received Prepare
Shader 'PointClouds/PointSplat': fallback shader 'PointClouds/PointSplatLegacy' not found
Refreshing native plugins compatible for Editor in 22.81 ms, found 2 plugins.
Preloading 1 native plugins for Editor in 0.13 ms.
Unloading 32 Unused Serialized files (Serialized files now loaded: 0)
System memory in use before: 48.8 MB.
System memory in use after: 48.8 MB.

Unloading 31 unused Assets to reduce memory usage. Loaded Objects now: 2469.
Total: 3.990900 ms (FindLiveObjects: 0.464700 ms CreateObjectMapping: 0.108700 ms MarkObjects: 3.347000 ms  DeleteObjects: 0.068700 ms)

AssetImportWorkerClient::OnTransportError - code=2 error=End of file
